

Started GET "/" for 127.0.0.1 at 2011-05-30 14:16:37 +0100
  Processing by OrgUnitsController#description as XML
Rendered org_units/description.xml (0.4ms)
Completed 200 OK in 5ms (Views: 3.2ms | ActiveRecord: 0.0ms)


Started GET "/favicon.ico" for 127.0.0.1 at 2011-05-30 14:16:38 +0100

ActionController::RoutingError (No route matches "/favicon.ico"):
  

Rendered /home/jphorta/.rvm/gems/ruby-1.9.2-p180/gems/actionpack-3.0.7/lib/action_dispatch/middleware/templates/rescues/routing_error.erb within rescues/layout (0.9ms)


Started GET "/favicon.ico" for 127.0.0.1 at 2011-05-30 14:16:41 +0100

ActionController::RoutingError (No route matches "/favicon.ico"):
  

Rendered /home/jphorta/.rvm/gems/ruby-1.9.2-p180/gems/actionpack-3.0.7/lib/action_dispatch/middleware/templates/rescues/routing_error.erb within rescues/layout (0.8ms)


Started GET "/organs" for 127.0.0.1 at 2011-05-30 14:17:04 +0100
  Processing by OrgansController#list as XML
Completed   in 29ms

ActiveRecord::StatementInvalid (Mysql2::Error: Table 'orgunits_production.organs' doesn't exist: SELECT  `organs`.* FROM `organs` ORDER BY organ_name LIMIT 5 OFFSET 0):
  app/controllers/organs_controller.rb:8:in `list'

Rendered /home/jphorta/.rvm/gems/ruby-1.9.2-p180/gems/actionpack-3.0.7/lib/action_dispatch/middleware/templates/rescues/_trace.erb (1.0ms)
Rendered /home/jphorta/.rvm/gems/ruby-1.9.2-p180/gems/actionpack-3.0.7/lib/action_dispatch/middleware/templates/rescues/_request_and_response.erb (2.3ms)
Rendered /home/jphorta/.rvm/gems/ruby-1.9.2-p180/gems/actionpack-3.0.7/lib/action_dispatch/middleware/templates/rescues/diagnostics.erb within rescues/layout (7.5ms)


Started GET "/organs" for 127.0.0.1 at 2011-05-30 14:17:12 +0100
  Processing by OrgansController#list as XML
Completed   in 1ms

ActiveRecord::StatementInvalid (Mysql2::Error: Table 'orgunits_production.organs' doesn't exist: SELECT  `organs`.* FROM `organs` ORDER BY organ_name LIMIT 5 OFFSET 0):
  app/controllers/organs_controller.rb:8:in `list'

Rendered /home/jphorta/.rvm/gems/ruby-1.9.2-p180/gems/actionpack-3.0.7/lib/action_dispatch/middleware/templates/rescues/_trace.erb (1.2ms)
Rendered /home/jphorta/.rvm/gems/ruby-1.9.2-p180/gems/actionpack-3.0.7/lib/action_dispatch/middleware/templates/rescues/_request_and_response.erb (2.5ms)
Rendered /home/jphorta/.rvm/gems/ruby-1.9.2-p180/gems/actionpack-3.0.7/lib/action_dispatch/middleware/templates/rescues/diagnostics.erb within rescues/layout (7.1ms)


Started GET "/organs" for 127.0.0.1 at 2011-05-30 14:20:05 +0100
  Processing by OrgansController#list as XML
Completed   in 2ms

ActiveRecord::StatementInvalid (Mysql2::Error: Table 'orgunits_production.organs' doesn't exist: SELECT  `organs`.* FROM `organs` ORDER BY organ_name LIMIT 5 OFFSET 0):
  app/controllers/organs_controller.rb:8:in `list'

Rendered /home/jphorta/.rvm/gems/ruby-1.9.2-p180/gems/actionpack-3.0.7/lib/action_dispatch/middleware/templates/rescues/_trace.erb (1.0ms)
Rendered /home/jphorta/.rvm/gems/ruby-1.9.2-p180/gems/actionpack-3.0.7/lib/action_dispatch/middleware/templates/rescues/_request_and_response.erb (2.5ms)
Rendered /home/jphorta/.rvm/gems/ruby-1.9.2-p180/gems/actionpack-3.0.7/lib/action_dispatch/middleware/templates/rescues/diagnostics.erb within rescues/layout (6.6ms)


Started GET "/organs" for 127.0.0.1 at 2011-05-30 14:20:08 +0100
  Processing by OrgansController#list as XML
Completed   in 2ms

ActiveRecord::StatementInvalid (Mysql2::Error: Table 'orgunits_production.organs' doesn't exist: SELECT  `organs`.* FROM `organs` ORDER BY organ_name LIMIT 5 OFFSET 0):
  app/controllers/organs_controller.rb:8:in `list'

Rendered /home/jphorta/.rvm/gems/ruby-1.9.2-p180/gems/actionpack-3.0.7/lib/action_dispatch/middleware/templates/rescues/_trace.erb (1.0ms)
Rendered /home/jphorta/.rvm/gems/ruby-1.9.2-p180/gems/actionpack-3.0.7/lib/action_dispatch/middleware/templates/rescues/_request_and_response.erb (2.4ms)
Rendered /home/jphorta/.rvm/gems/ruby-1.9.2-p180/gems/actionpack-3.0.7/lib/action_dispatch/middleware/templates/rescues/diagnostics.erb within rescues/layout (6.4ms)


Started GET "/organs" for 127.0.0.1 at 2011-05-30 14:20:32 +0100
  Processing by OrgansController#list as XML
Completed   in 2ms

ActiveRecord::StatementInvalid (Mysql2::Error: Table 'orgunits_production.organs' doesn't exist: SELECT  `organs`.* FROM `organs` ORDER BY organ_name LIMIT 5 OFFSET 0):
  app/controllers/organs_controller.rb:8:in `list'

Rendered /home/jphorta/.rvm/gems/ruby-1.9.2-p180/gems/actionpack-3.0.7/lib/action_dispatch/middleware/templates/rescues/_trace.erb (1.8ms)
Rendered /home/jphorta/.rvm/gems/ruby-1.9.2-p180/gems/actionpack-3.0.7/lib/action_dispatch/middleware/templates/rescues/_request_and_response.erb (2.4ms)
Rendered /home/jphorta/.rvm/gems/ruby-1.9.2-p180/gems/actionpack-3.0.7/lib/action_dispatch/middleware/templates/rescues/diagnostics.erb within rescues/layout (30.4ms)


Started GET "/organs" for 127.0.0.1 at 2011-05-30 14:20:33 +0100
  Processing by OrgansController#list as XML
Completed   in 2ms

ActiveRecord::StatementInvalid (Mysql2::Error: Table 'orgunits_production.organs' doesn't exist: SELECT  `organs`.* FROM `organs` ORDER BY organ_name LIMIT 5 OFFSET 0):
  app/controllers/organs_controller.rb:8:in `list'

Rendered /home/jphorta/.rvm/gems/ruby-1.9.2-p180/gems/actionpack-3.0.7/lib/action_dispatch/middleware/templates/rescues/_trace.erb (1.0ms)
Rendered /home/jphorta/.rvm/gems/ruby-1.9.2-p180/gems/actionpack-3.0.7/lib/action_dispatch/middleware/templates/rescues/_request_and_response.erb (2.3ms)
Rendered /home/jphorta/.rvm/gems/ruby-1.9.2-p180/gems/actionpack-3.0.7/lib/action_dispatch/middleware/templates/rescues/diagnostics.erb within rescues/layout (6.4ms)


Started GET "/organs" for 127.0.0.1 at 2011-05-30 14:20:33 +0100
  Processing by OrgansController#list as XML
Completed   in 1ms

ActiveRecord::StatementInvalid (Mysql2::Error: Table 'orgunits_production.organs' doesn't exist: SELECT  `organs`.* FROM `organs` ORDER BY organ_name LIMIT 5 OFFSET 0):
  app/controllers/organs_controller.rb:8:in `list'

Rendered /home/jphorta/.rvm/gems/ruby-1.9.2-p180/gems/actionpack-3.0.7/lib/action_dispatch/middleware/templates/rescues/_trace.erb (1.1ms)
Rendered /home/jphorta/.rvm/gems/ruby-1.9.2-p180/gems/actionpack-3.0.7/lib/action_dispatch/middleware/templates/rescues/_request_and_response.erb (2.3ms)
Rendered /home/jphorta/.rvm/gems/ruby-1.9.2-p180/gems/actionpack-3.0.7/lib/action_dispatch/middleware/templates/rescues/diagnostics.erb within rescues/layout (6.5ms)


Started GET "/organs" for 127.0.0.1 at 2011-05-30 14:20:34 +0100
  Processing by OrgansController#list as XML
Completed   in 1ms

ActiveRecord::StatementInvalid (Mysql2::Error: Table 'orgunits_production.organs' doesn't exist: SELECT  `organs`.* FROM `organs` ORDER BY organ_name LIMIT 5 OFFSET 0):
  app/controllers/organs_controller.rb:8:in `list'

Rendered /home/jphorta/.rvm/gems/ruby-1.9.2-p180/gems/actionpack-3.0.7/lib/action_dispatch/middleware/templates/rescues/_trace.erb (1.0ms)
Rendered /home/jphorta/.rvm/gems/ruby-1.9.2-p180/gems/actionpack-3.0.7/lib/action_dispatch/middleware/templates/rescues/_request_and_response.erb (2.3ms)
Rendered /home/jphorta/.rvm/gems/ruby-1.9.2-p180/gems/actionpack-3.0.7/lib/action_dispatch/middleware/templates/rescues/diagnostics.erb within rescues/layout (6.3ms)


Started GET "/organs" for 127.0.0.1 at 2011-05-30 14:20:34 +0100
  Processing by OrgansController#list as XML
Completed   in 1ms

ActiveRecord::StatementInvalid (Mysql2::Error: Table 'orgunits_production.organs' doesn't exist: SELECT  `organs`.* FROM `organs` ORDER BY organ_name LIMIT 5 OFFSET 0):
  app/controllers/organs_controller.rb:8:in `list'

Rendered /home/jphorta/.rvm/gems/ruby-1.9.2-p180/gems/actionpack-3.0.7/lib/action_dispatch/middleware/templates/rescues/_trace.erb (1.0ms)
Rendered /home/jphorta/.rvm/gems/ruby-1.9.2-p180/gems/actionpack-3.0.7/lib/action_dispatch/middleware/templates/rescues/_request_and_response.erb (2.4ms)
Rendered /home/jphorta/.rvm/gems/ruby-1.9.2-p180/gems/actionpack-3.0.7/lib/action_dispatch/middleware/templates/rescues/diagnostics.erb within rescues/layout (6.5ms)


Started GET "/organs" for 127.0.0.1 at 2011-05-30 14:20:34 +0100
  Processing by OrgansController#list as XML
Completed   in 1ms

ActiveRecord::StatementInvalid (Mysql2::Error: Table 'orgunits_production.organs' doesn't exist: SELECT  `organs`.* FROM `organs` ORDER BY organ_name LIMIT 5 OFFSET 0):
  app/controllers/organs_controller.rb:8:in `list'

Rendered /home/jphorta/.rvm/gems/ruby-1.9.2-p180/gems/actionpack-3.0.7/lib/action_dispatch/middleware/templates/rescues/_trace.erb (1.0ms)
Rendered /home/jphorta/.rvm/gems/ruby-1.9.2-p180/gems/actionpack-3.0.7/lib/action_dispatch/middleware/templates/rescues/_request_and_response.erb (2.5ms)
Rendered /home/jphorta/.rvm/gems/ruby-1.9.2-p180/gems/actionpack-3.0.7/lib/action_dispatch/middleware/templates/rescues/diagnostics.erb within rescues/layout (6.6ms)


Started GET "/organs" for 127.0.0.1 at 2011-05-30 14:20:34 +0100
  Processing by OrgansController#list as XML
Completed   in 1ms

ActiveRecord::StatementInvalid (Mysql2::Error: Table 'orgunits_production.organs' doesn't exist: SELECT  `organs`.* FROM `organs` ORDER BY organ_name LIMIT 5 OFFSET 0):
  app/controllers/organs_controller.rb:8:in `list'

Rendered /home/jphorta/.rvm/gems/ruby-1.9.2-p180/gems/actionpack-3.0.7/lib/action_dispatch/middleware/templates/rescues/_trace.erb (1.0ms)
Rendered /home/jphorta/.rvm/gems/ruby-1.9.2-p180/gems/actionpack-3.0.7/lib/action_dispatch/middleware/templates/rescues/_request_and_response.erb (2.3ms)
Rendered /home/jphorta/.rvm/gems/ruby-1.9.2-p180/gems/actionpack-3.0.7/lib/action_dispatch/middleware/templates/rescues/diagnostics.erb within rescues/layout (6.3ms)


Started GET "/organs" for 127.0.0.1 at 2011-05-30 14:20:34 +0100
  Processing by OrgansController#list as XML
Completed   in 1ms

ActiveRecord::StatementInvalid (Mysql2::Error: Table 'orgunits_production.organs' doesn't exist: SELECT  `organs`.* FROM `organs` ORDER BY organ_name LIMIT 5 OFFSET 0):
  app/controllers/organs_controller.rb:8:in `list'

Rendered /home/jphorta/.rvm/gems/ruby-1.9.2-p180/gems/actionpack-3.0.7/lib/action_dispatch/middleware/templates/rescues/_trace.erb (1.1ms)
Rendered /home/jphorta/.rvm/gems/ruby-1.9.2-p180/gems/actionpack-3.0.7/lib/action_dispatch/middleware/templates/rescues/_request_and_response.erb (2.4ms)
Rendered /home/jphorta/.rvm/gems/ruby-1.9.2-p180/gems/actionpack-3.0.7/lib/action_dispatch/middleware/templates/rescues/diagnostics.erb within rescues/layout (6.7ms)


Started GET "/organs" for 127.0.0.1 at 2011-05-30 14:20:35 +0100
  Processing by OrgansController#list as XML
Completed   in 2ms

ActiveRecord::StatementInvalid (Mysql2::Error: Table 'orgunits_production.organs' doesn't exist: SELECT  `organs`.* FROM `organs` ORDER BY organ_name LIMIT 5 OFFSET 0):
  app/controllers/organs_controller.rb:8:in `list'

Rendered /home/jphorta/.rvm/gems/ruby-1.9.2-p180/gems/actionpack-3.0.7/lib/action_dispatch/middleware/templates/rescues/_trace.erb (1.2ms)
Rendered /home/jphorta/.rvm/gems/ruby-1.9.2-p180/gems/actionpack-3.0.7/lib/action_dispatch/middleware/templates/rescues/_request_and_response.erb (2.4ms)
Rendered /home/jphorta/.rvm/gems/ruby-1.9.2-p180/gems/actionpack-3.0.7/lib/action_dispatch/middleware/templates/rescues/diagnostics.erb within rescues/layout (7.1ms)


Started GET "/organs" for 127.0.0.1 at 2011-05-30 14:20:35 +0100
  Processing by OrgansController#list as XML
Completed   in 2ms

ActiveRecord::StatementInvalid (Mysql2::Error: Table 'orgunits_production.organs' doesn't exist: SELECT  `organs`.* FROM `organs` ORDER BY organ_name LIMIT 5 OFFSET 0):
  app/controllers/organs_controller.rb:8:in `list'

Rendered /home/jphorta/.rvm/gems/ruby-1.9.2-p180/gems/actionpack-3.0.7/lib/action_dispatch/middleware/templates/rescues/_trace.erb (1.0ms)
Rendered /home/jphorta/.rvm/gems/ruby-1.9.2-p180/gems/actionpack-3.0.7/lib/action_dispatch/middleware/templates/rescues/_request_and_response.erb (2.2ms)
Rendered /home/jphorta/.rvm/gems/ruby-1.9.2-p180/gems/actionpack-3.0.7/lib/action_dispatch/middleware/templates/rescues/diagnostics.erb within rescues/layout (6.2ms)


Started GET "/organs" for 127.0.0.1 at 2011-05-30 14:20:35 +0100
  Processing by OrgansController#list as XML
Completed   in 1ms

ActiveRecord::StatementInvalid (Mysql2::Error: Table 'orgunits_production.organs' doesn't exist: SELECT  `organs`.* FROM `organs` ORDER BY organ_name LIMIT 5 OFFSET 0):
  app/controllers/organs_controller.rb:8:in `list'

Rendered /home/jphorta/.rvm/gems/ruby-1.9.2-p180/gems/actionpack-3.0.7/lib/action_dispatch/middleware/templates/rescues/_trace.erb (1.1ms)
Rendered /home/jphorta/.rvm/gems/ruby-1.9.2-p180/gems/actionpack-3.0.7/lib/action_dispatch/middleware/templates/rescues/_request_and_response.erb (2.5ms)
Rendered /home/jphorta/.rvm/gems/ruby-1.9.2-p180/gems/actionpack-3.0.7/lib/action_dispatch/middleware/templates/rescues/diagnostics.erb within rescues/layout (7.5ms)


Started GET "/organs" for 127.0.0.1 at 2011-05-30 14:20:35 +0100
  Processing by OrgansController#list as XML
Completed   in 1ms

ActiveRecord::StatementInvalid (Mysql2::Error: Table 'orgunits_production.organs' doesn't exist: SELECT  `organs`.* FROM `organs` ORDER BY organ_name LIMIT 5 OFFSET 0):
  app/controllers/organs_controller.rb:8:in `list'

Rendered /home/jphorta/.rvm/gems/ruby-1.9.2-p180/gems/actionpack-3.0.7/lib/action_dispatch/middleware/templates/rescues/_trace.erb (1.1ms)
Rendered /home/jphorta/.rvm/gems/ruby-1.9.2-p180/gems/actionpack-3.0.7/lib/action_dispatch/middleware/templates/rescues/_request_and_response.erb (2.4ms)
Rendered /home/jphorta/.rvm/gems/ruby-1.9.2-p180/gems/actionpack-3.0.7/lib/action_dispatch/middleware/templates/rescues/diagnostics.erb within rescues/layout (6.8ms)


Started GET "/organs" for 127.0.0.1 at 2011-05-30 14:20:35 +0100
  Processing by OrgansController#list as XML
Completed   in 1ms

ActiveRecord::StatementInvalid (Mysql2::Error: Table 'orgunits_production.organs' doesn't exist: SELECT  `organs`.* FROM `organs` ORDER BY organ_name LIMIT 5 OFFSET 0):
  app/controllers/organs_controller.rb:8:in `list'

Rendered /home/jphorta/.rvm/gems/ruby-1.9.2-p180/gems/actionpack-3.0.7/lib/action_dispatch/middleware/templates/rescues/_trace.erb (1.1ms)
Rendered /home/jphorta/.rvm/gems/ruby-1.9.2-p180/gems/actionpack-3.0.7/lib/action_dispatch/middleware/templates/rescues/_request_and_response.erb (2.4ms)
Rendered /home/jphorta/.rvm/gems/ruby-1.9.2-p180/gems/actionpack-3.0.7/lib/action_dispatch/middleware/templates/rescues/diagnostics.erb within rescues/layout (6.7ms)


Started GET "/organs" for 127.0.0.1 at 2011-05-30 14:20:35 +0100
  Processing by OrgansController#list as XML
Completed   in 1ms

ActiveRecord::StatementInvalid (Mysql2::Error: Table 'orgunits_production.organs' doesn't exist: SELECT  `organs`.* FROM `organs` ORDER BY organ_name LIMIT 5 OFFSET 0):
  app/controllers/organs_controller.rb:8:in `list'

Rendered /home/jphorta/.rvm/gems/ruby-1.9.2-p180/gems/actionpack-3.0.7/lib/action_dispatch/middleware/templates/rescues/_trace.erb (1.3ms)
Rendered /home/jphorta/.rvm/gems/ruby-1.9.2-p180/gems/actionpack-3.0.7/lib/action_dispatch/middleware/templates/rescues/_request_and_response.erb (2.6ms)
Rendered /home/jphorta/.rvm/gems/ruby-1.9.2-p180/gems/actionpack-3.0.7/lib/action_dispatch/middleware/templates/rescues/diagnostics.erb within rescues/layout (7.8ms)


Started GET "/organs" for 127.0.0.1 at 2011-05-30 14:20:35 +0100
  Processing by OrgansController#list as XML
Completed   in 1ms

ActiveRecord::StatementInvalid (Mysql2::Error: Table 'orgunits_production.organs' doesn't exist: SELECT  `organs`.* FROM `organs` ORDER BY organ_name LIMIT 5 OFFSET 0):
  app/controllers/organs_controller.rb:8:in `list'

Rendered /home/jphorta/.rvm/gems/ruby-1.9.2-p180/gems/actionpack-3.0.7/lib/action_dispatch/middleware/templates/rescues/_trace.erb (1.2ms)
Rendered /home/jphorta/.rvm/gems/ruby-1.9.2-p180/gems/actionpack-3.0.7/lib/action_dispatch/middleware/templates/rescues/_request_and_response.erb (2.6ms)
Rendered /home/jphorta/.rvm/gems/ruby-1.9.2-p180/gems/actionpack-3.0.7/lib/action_dispatch/middleware/templates/rescues/diagnostics.erb within rescues/layout (7.9ms)


Started GET "/organs" for 127.0.0.1 at 2011-05-30 14:20:35 +0100
  Processing by OrgansController#list as XML
Completed   in 1ms

ActiveRecord::StatementInvalid (Mysql2::Error: Table 'orgunits_production.organs' doesn't exist: SELECT  `organs`.* FROM `organs` ORDER BY organ_name LIMIT 5 OFFSET 0):
  app/controllers/organs_controller.rb:8:in `list'

Rendered /home/jphorta/.rvm/gems/ruby-1.9.2-p180/gems/actionpack-3.0.7/lib/action_dispatch/middleware/templates/rescues/_trace.erb (1.0ms)
Rendered /home/jphorta/.rvm/gems/ruby-1.9.2-p180/gems/actionpack-3.0.7/lib/action_dispatch/middleware/templates/rescues/_request_and_response.erb (2.3ms)
Rendered /home/jphorta/.rvm/gems/ruby-1.9.2-p180/gems/actionpack-3.0.7/lib/action_dispatch/middleware/templates/rescues/diagnostics.erb within rescues/layout (6.4ms)


Started GET "/organs" for 127.0.0.1 at 2011-05-30 14:20:35 +0100
  Processing by OrgansController#list as XML
Completed   in 1ms

ActiveRecord::StatementInvalid (Mysql2::Error: Table 'orgunits_production.organs' doesn't exist: SELECT  `organs`.* FROM `organs` ORDER BY organ_name LIMIT 5 OFFSET 0):
  app/controllers/organs_controller.rb:8:in `list'

Rendered /home/jphorta/.rvm/gems/ruby-1.9.2-p180/gems/actionpack-3.0.7/lib/action_dispatch/middleware/templates/rescues/_trace.erb (1.2ms)
Rendered /home/jphorta/.rvm/gems/ruby-1.9.2-p180/gems/actionpack-3.0.7/lib/action_dispatch/middleware/templates/rescues/_request_and_response.erb (2.7ms)
Rendered /home/jphorta/.rvm/gems/ruby-1.9.2-p180/gems/actionpack-3.0.7/lib/action_dispatch/middleware/templates/rescues/diagnostics.erb within rescues/layout (17.0ms)


Started GET "/organs" for 127.0.0.1 at 2011-05-30 14:20:35 +0100
  Processing by OrgansController#list as XML
Completed   in 1ms

ActiveRecord::StatementInvalid (Mysql2::Error: Table 'orgunits_production.organs' doesn't exist: SELECT  `organs`.* FROM `organs` ORDER BY organ_name LIMIT 5 OFFSET 0):
  app/controllers/organs_controller.rb:8:in `list'

Rendered /home/jphorta/.rvm/gems/ruby-1.9.2-p180/gems/actionpack-3.0.7/lib/action_dispatch/middleware/templates/rescues/_trace.erb (1.2ms)
Rendered /home/jphorta/.rvm/gems/ruby-1.9.2-p180/gems/actionpack-3.0.7/lib/action_dispatch/middleware/templates/rescues/_request_and_response.erb (2.7ms)
Rendered /home/jphorta/.rvm/gems/ruby-1.9.2-p180/gems/actionpack-3.0.7/lib/action_dispatch/middleware/templates/rescues/diagnostics.erb within rescues/layout (7.8ms)


Started GET "/organs" for 127.0.0.1 at 2011-05-30 14:20:35 +0100
  Processing by OrgansController#list as XML
Completed   in 1ms

ActiveRecord::StatementInvalid (Mysql2::Error: Table 'orgunits_production.organs' doesn't exist: SELECT  `organs`.* FROM `organs` ORDER BY organ_name LIMIT 5 OFFSET 0):
  app/controllers/organs_controller.rb:8:in `list'

Rendered /home/jphorta/.rvm/gems/ruby-1.9.2-p180/gems/actionpack-3.0.7/lib/action_dispatch/middleware/templates/rescues/_trace.erb (1.1ms)
Rendered /home/jphorta/.rvm/gems/ruby-1.9.2-p180/gems/actionpack-3.0.7/lib/action_dispatch/middleware/templates/rescues/_request_and_response.erb (2.5ms)
Rendered /home/jphorta/.rvm/gems/ruby-1.9.2-p180/gems/actionpack-3.0.7/lib/action_dispatch/middleware/templates/rescues/diagnostics.erb within rescues/layout (8.7ms)


Started GET "/organs" for 127.0.0.1 at 2011-05-30 14:20:35 +0100
  Processing by OrgansController#list as XML
Completed   in 1ms

ActiveRecord::StatementInvalid (Mysql2::Error: Table 'orgunits_production.organs' doesn't exist: SELECT  `organs`.* FROM `organs` ORDER BY organ_name LIMIT 5 OFFSET 0):
  app/controllers/organs_controller.rb:8:in `list'

Rendered /home/jphorta/.rvm/gems/ruby-1.9.2-p180/gems/actionpack-3.0.7/lib/action_dispatch/middleware/templates/rescues/_trace.erb (1.7ms)
Rendered /home/jphorta/.rvm/gems/ruby-1.9.2-p180/gems/actionpack-3.0.7/lib/action_dispatch/middleware/templates/rescues/_request_and_response.erb (2.4ms)
Rendered /home/jphorta/.rvm/gems/ruby-1.9.2-p180/gems/actionpack-3.0.7/lib/action_dispatch/middleware/templates/rescues/diagnostics.erb within rescues/layout (8.5ms)


Started GET "/organs" for 127.0.0.1 at 2011-05-30 14:20:35 +0100
  Processing by OrgansController#list as XML
Completed   in 1ms

ActiveRecord::StatementInvalid (Mysql2::Error: Table 'orgunits_production.organs' doesn't exist: SELECT  `organs`.* FROM `organs` ORDER BY organ_name LIMIT 5 OFFSET 0):
  app/controllers/organs_controller.rb:8:in `list'

Rendered /home/jphorta/.rvm/gems/ruby-1.9.2-p180/gems/actionpack-3.0.7/lib/action_dispatch/middleware/templates/rescues/_trace.erb (1.0ms)
Rendered /home/jphorta/.rvm/gems/ruby-1.9.2-p180/gems/actionpack-3.0.7/lib/action_dispatch/middleware/templates/rescues/_request_and_response.erb (2.5ms)
Rendered /home/jphorta/.rvm/gems/ruby-1.9.2-p180/gems/actionpack-3.0.7/lib/action_dispatch/middleware/templates/rescues/diagnostics.erb within rescues/layout (6.7ms)


Started GET "/organs" for 127.0.0.1 at 2011-05-30 14:20:35 +0100
  Processing by OrgansController#list as XML
Completed   in 1ms

ActiveRecord::StatementInvalid (Mysql2::Error: Table 'orgunits_production.organs' doesn't exist: SELECT  `organs`.* FROM `organs` ORDER BY organ_name LIMIT 5 OFFSET 0):
  app/controllers/organs_controller.rb:8:in `list'

Rendered /home/jphorta/.rvm/gems/ruby-1.9.2-p180/gems/actionpack-3.0.7/lib/action_dispatch/middleware/templates/rescues/_trace.erb (1.0ms)
Rendered /home/jphorta/.rvm/gems/ruby-1.9.2-p180/gems/actionpack-3.0.7/lib/action_dispatch/middleware/templates/rescues/_request_and_response.erb (2.4ms)
Rendered /home/jphorta/.rvm/gems/ruby-1.9.2-p180/gems/actionpack-3.0.7/lib/action_dispatch/middleware/templates/rescues/diagnostics.erb within rescues/layout (6.6ms)
